0 info it worked if it ends with ok
1 verbose cli [ '/usr/local/Cellar/node/0.10.6/bin/node',
1 verbose cli   '/usr/local/bin/npm',
1 verbose cli   'start' ]
2 info using npm@1.2.18
3 info using node@v0.10.6
4 verbose read json /Users/pmu/projects/backbone/book-interaction/ch_6/hello/package.json
5 warn package.json hello@0.0.0 No README.md file found!
6 verbose run-script [ 'prestart', 'start', 'poststart' ]
7 info prestart hello@0.0.0
8 info start hello@0.0.0
9 verbose unsafe-perm in lifecycle true
10 silly exec sh "-c" "node ./node_modules/.bin/grunt"
11 silly sh,-c,node ./node_modules/.bin/grunt,/Users/pmu/projects/backbone/book-interaction/ch_6/hello spawning
12 info hello@0.0.0 Failed to exec start script
13 error hello@0.0.0 start: `node ./node_modules/.bin/grunt`
13 error `sh "-c" "node ./node_modules/.bin/grunt"` failed with 6
14 error Failed at the hello@0.0.0 start script.
14 error This is most likely a problem with the hello package,
14 error not with npm itself.
14 error Tell the author that this fails on your system:
14 error     node ./node_modules/.bin/grunt
14 error You can get their info via:
14 error     npm owner ls hello
14 error There is likely additional logging output above.
15 error System Darwin 11.4.0
16 error command "/usr/local/Cellar/node/0.10.6/bin/node" "/usr/local/bin/npm" "start"
17 error cwd /Users/pmu/projects/backbone/book-interaction/ch_6/hello
18 error node -v v0.10.6
19 error npm -v 1.2.18
20 error code ELIFECYCLE
21 verbose exit [ 1, true ]
